{"C:\\Users\\RASMUS-pc\\Desktop\\SomosCoders\\FizzBuzz\\fizzbuzz.js": {"path":"C:\\Users\\RASMUS-pc\\Desktop\\SomosCoders\\FizzBuzz\\fizzbuzz.js","all":false,"statementMap":{"0":{"start":{"line":1,"column":0},"end":{"line":1,"column":42}},"1":{"start":{"line":2,"column":0},"end":{"line":2,"column":46}},"2":{"start":{"line":3,"column":0},"end":{"line":3,"column":46}},"3":{"start":{"line":4,"column":0},"end":{"line":4,"column":55}},"4":{"start":{"line":5,"column":0},"end":{"line":5,"column":30}},"5":{"start":{"line":6,"column":0},"end":{"line":6,"column":2}},"6":{"start":{"line":7,"column":0},"end":{"line":7,"column":0}},"7":{"start":{"line":8,"column":0},"end":{"line":8,"column":21}},"8":{"start":{"line":9,"column":0},"end":{"line":9,"column":16}},"9":{"start":{"line":10,"column":0},"end":{"line":10,"column":17}},"10":{"start":{"line":11,"column":0},"end":{"line":11,"column":54}},"11":{"start":{"line":12,"column":0},"end":{"line":12,"column":26}},"12":{"start":{"line":13,"column":0},"end":{"line":13,"column":52}},"13":{"start":{"line":14,"column":0},"end":{"line":14,"column":22}},"14":{"start":{"line":15,"column":0},"end":{"line":15,"column":51}},"15":{"start":{"line":16,"column":0},"end":{"line":16,"column":22}},"16":{"start":{"line":17,"column":0},"end":{"line":17,"column":10}},"17":{"start":{"line":18,"column":0},"end":{"line":18,"column":17}},"18":{"start":{"line":19,"column":0},"end":{"line":19,"column":5}},"19":{"start":{"line":20,"column":0},"end":{"line":20,"column":1}},"20":{"start":{"line":21,"column":0},"end":{"line":21,"column":0}},"21":{"start":{"line":22,"column":0},"end":{"line":22,"column":17}},"22":{"start":{"line":23,"column":0},"end":{"line":23,"column":33}},"23":{"start":{"line":24,"column":0},"end":{"line":24,"column":20}},"24":{"start":{"line":25,"column":0},"end":{"line":25,"column":9}},"25":{"start":{"line":26,"column":0},"end":{"line":26,"column":1}},"26":{"start":{"line":27,"column":0},"end":{"line":27,"column":0}},"27":{"start":{"line":28,"column":0},"end":{"line":28,"column":10}},"28":{"start":{"line":29,"column":0},"end":{"line":29,"column":0}},"29":{"start":{"line":30,"column":0},"end":{"line":30,"column":83}}},"s":{"0":1,"1":1,"2":1,"3":1,"4":1,"5":1,"6":1,"7":119,"8":119,"9":117,"10":117,"11":107,"12":107,"13":62,"14":62,"15":39,"16":39,"17":39,"18":39,"19":119,"20":1,"21":1,"22":1,"23":101,"24":101,"25":1,"26":1,"27":1,"28":1,"29":1},"branchMap":{"0":{"type":"branch","line":8,"loc":{"start":{"line":8,"column":0},"end":{"line":20,"column":1}},"locations":[{"start":{"line":8,"column":0},"end":{"line":20,"column":1}}]},"1":{"type":"branch","line":9,"loc":{"start":{"line":9,"column":15},"end":{"line":11,"column":10}},"locations":[{"start":{"line":9,"column":15},"end":{"line":11,"column":10}}]},"2":{"type":"branch","line":9,"loc":{"start":{"line":9,"column":4},"end":{"line":19,"column":5}},"locations":[{"start":{"line":9,"column":4},"end":{"line":19,"column":5}}]},"3":{"type":"branch","line":11,"loc":{"start":{"line":11,"column":14},"end":{"line":11,"column":30}},"locations":[{"start":{"line":11,"column":14},"end":{"line":11,"column":30}}]},"4":{"type":"branch","line":11,"loc":{"start":{"line":11,"column":53},"end":{"line":13,"column":10}},"locations":[{"start":{"line":11,"column":53},"end":{"line":13,"column":10}}]},"5":{"type":"branch","line":11,"loc":{"start":{"line":11,"column":10},"end":{"line":19,"column":5}},"locations":[{"start":{"line":11,"column":10},"end":{"line":19,"column":5}}]},"6":{"type":"branch","line":13,"loc":{"start":{"line":13,"column":14},"end":{"line":13,"column":29}},"locations":[{"start":{"line":13,"column":14},"end":{"line":13,"column":29}}]},"7":{"type":"branch","line":13,"loc":{"start":{"line":13,"column":51},"end":{"line":15,"column":10}},"locations":[{"start":{"line":13,"column":51},"end":{"line":15,"column":10}}]},"8":{"type":"branch","line":13,"loc":{"start":{"line":13,"column":10},"end":{"line":19,"column":5}},"locations":[{"start":{"line":13,"column":10},"end":{"line":19,"column":5}}]},"9":{"type":"branch","line":15,"loc":{"start":{"line":15,"column":13},"end":{"line":15,"column":28}},"locations":[{"start":{"line":15,"column":13},"end":{"line":15,"column":28}}]},"10":{"type":"branch","line":15,"loc":{"start":{"line":15,"column":50},"end":{"line":17,"column":9}},"locations":[{"start":{"line":15,"column":50},"end":{"line":17,"column":9}}]},"11":{"type":"branch","line":15,"loc":{"start":{"line":15,"column":10},"end":{"line":19,"column":5}},"locations":[{"start":{"line":15,"column":10},"end":{"line":19,"column":5}}]},"12":{"type":"branch","line":22,"loc":{"start":{"line":22,"column":0},"end":{"line":26,"column":1}},"locations":[{"start":{"line":22,"column":0},"end":{"line":26,"column":1}}]},"13":{"type":"branch","line":23,"loc":{"start":{"line":23,"column":32},"end":{"line":25,"column":9}},"locations":[{"start":{"line":23,"column":32},"end":{"line":25,"column":9}}]}},"b":{"0":[119],"1":[2],"2":[117],"3":[109],"4":[10],"5":[107],"6":[75],"7":[45],"8":[62],"9":[44],"10":[23],"11":[39],"12":[1],"13":[101]},"fnMap":{"0":{"name":"fizzbuzz","decl":{"start":{"line":8,"column":0},"end":{"line":20,"column":1}},"loc":{"start":{"line":8,"column":0},"end":{"line":20,"column":1}},"line":8},"1":{"name":"main","decl":{"start":{"line":22,"column":0},"end":{"line":26,"column":1}},"loc":{"start":{"line":22,"column":0},"end":{"line":26,"column":1}},"line":22}},"f":{"0":119,"1":1}}
}
