{"C:\\Users\\RASMUS-pc\\Desktop\\SomosCoders\\FizzBuzz\\fizzbuzz.js": {"path":"C:\\Users\\RASMUS-pc\\Desktop\\SomosCoders\\FizzBuzz\\fizzbuzz.js","all":false,"statementMap":{"0":{"start":{"line":1,"column":0},"end":{"line":1,"column":42}},"1":{"start":{"line":2,"column":0},"end":{"line":2,"column":31}},"2":{"start":{"line":3,"column":0},"end":{"line":3,"column":31}},"3":{"start":{"line":4,"column":0},"end":{"line":4,"column":39}},"4":{"start":{"line":5,"column":0},"end":{"line":5,"column":2}},"5":{"start":{"line":6,"column":0},"end":{"line":6,"column":21}},"6":{"start":{"line":7,"column":0},"end":{"line":7,"column":16}},"7":{"start":{"line":8,"column":0},"end":{"line":8,"column":17}},"8":{"start":{"line":9,"column":0},"end":{"line":9,"column":22}},"9":{"start":{"line":10,"column":0},"end":{"line":10,"column":17}},"10":{"start":{"line":11,"column":0},"end":{"line":11,"column":41}},"11":{"start":{"line":12,"column":0},"end":{"line":12,"column":22}},"12":{"start":{"line":13,"column":0},"end":{"line":13,"column":40}},"13":{"start":{"line":14,"column":0},"end":{"line":14,"column":22}},"14":{"start":{"line":15,"column":0},"end":{"line":15,"column":55}},"15":{"start":{"line":16,"column":0},"end":{"line":16,"column":26}},"16":{"start":{"line":17,"column":0},"end":{"line":17,"column":10}},"17":{"start":{"line":18,"column":0},"end":{"line":18,"column":17}},"18":{"start":{"line":19,"column":0},"end":{"line":19,"column":5}},"19":{"start":{"line":20,"column":0},"end":{"line":20,"column":1}},"20":{"start":{"line":21,"column":0},"end":{"line":21,"column":0}},"21":{"start":{"line":22,"column":0},"end":{"line":22,"column":83}}},"s":{"0":1,"1":1,"2":1,"3":1,"4":1,"5":10,"6":10,"7":9,"8":9,"9":8,"10":8,"11":5,"12":5,"13":2,"14":2,"15":0,"16":0,"17":0,"18":0,"19":10,"20":1,"21":1},"branchMap":{"0":{"type":"branch","line":6,"loc":{"start":{"line":6,"column":0},"end":{"line":20,"column":1}},"locations":[{"start":{"line":6,"column":0},"end":{"line":20,"column":1}}]},"1":{"type":"branch","line":7,"loc":{"start":{"line":7,"column":15},"end":{"line":9,"column":10}},"locations":[{"start":{"line":7,"column":15},"end":{"line":9,"column":10}}]},"2":{"type":"branch","line":7,"loc":{"start":{"line":7,"column":4},"end":{"line":19,"column":5}},"locations":[{"start":{"line":7,"column":4},"end":{"line":19,"column":5}}]},"3":{"type":"branch","line":9,"loc":{"start":{"line":9,"column":21},"end":{"line":11,"column":10}},"locations":[{"start":{"line":9,"column":21},"end":{"line":11,"column":10}}]},"4":{"type":"branch","line":9,"loc":{"start":{"line":9,"column":10},"end":{"line":19,"column":5}},"locations":[{"start":{"line":9,"column":10},"end":{"line":19,"column":5}}]},"5":{"type":"branch","line":11,"loc":{"start":{"line":11,"column":14},"end":{"line":11,"column":40}},"locations":[{"start":{"line":11,"column":14},"end":{"line":11,"column":40}}]},"6":{"type":"branch","line":11,"loc":{"start":{"line":11,"column":40},"end":{"line":13,"column":10}},"locations":[{"start":{"line":11,"column":40},"end":{"line":13,"column":10}}]},"7":{"type":"branch","line":11,"loc":{"start":{"line":11,"column":10},"end":{"line":19,"column":5}},"locations":[{"start":{"line":11,"column":10},"end":{"line":19,"column":5}}]},"8":{"type":"branch","line":13,"loc":{"start":{"line":13,"column":39},"end":{"line":15,"column":10}},"locations":[{"start":{"line":13,"column":39},"end":{"line":15,"column":10}}]},"9":{"type":"branch","line":13,"loc":{"start":{"line":13,"column":10},"end":{"line":19,"column":5}},"locations":[{"start":{"line":13,"column":10},"end":{"line":19,"column":5}}]},"10":{"type":"branch","line":15,"loc":{"start":{"line":15,"column":10},"end":{"line":19,"column":5}},"locations":[{"start":{"line":15,"column":10},"end":{"line":19,"column":5}}]}},"b":{"0":[10],"1":[1],"2":[9],"3":[1],"4":[8],"5":[5],"6":[3],"7":[5],"8":[3],"9":[2],"10":[0]},"fnMap":{"0":{"name":"fizzbuzz","decl":{"start":{"line":6,"column":0},"end":{"line":20,"column":1}},"loc":{"start":{"line":6,"column":0},"end":{"line":20,"column":1}},"line":6}},"f":{"0":10}}
}
