TN:
SF:fizzbuzz.js
FN:8,fizzbuzz
FN:22,main
FNF:2
FNH:2
FNDA:119,fizzbuzz
FNDA:1,main
DA:1,1
DA:2,1
DA:3,1
DA:4,1
DA:5,1
DA:6,1
DA:7,1
DA:8,119
DA:9,119
DA:10,117
DA:11,117
DA:12,107
DA:13,107
DA:14,62
DA:15,62
DA:16,39
DA:17,39
DA:18,39
DA:19,39
DA:20,119
DA:21,1
DA:22,1
DA:23,1
DA:24,101
DA:25,101
DA:26,1
DA:27,1
DA:28,1
DA:29,1
DA:30,1
LF:30
LH:30
BRDA:8,0,0,119
BRDA:9,1,0,2
BRDA:9,2,0,117
BRDA:11,3,0,109
BRDA:11,4,0,10
BRDA:11,5,0,107
BRDA:13,6,0,75
BRDA:13,7,0,45
BRDA:13,8,0,62
BRDA:15,9,0,44
BRDA:15,10,0,23
BRDA:15,11,0,39
BRDA:22,12,0,1
BRDA:23,13,0,101
BRF:14
BRH:14
end_of_record
