TN:
SF:Apuntes\JavaScript\FizzBuzz\fizzbuzz.js
FN:8,fizzbuzz
FN:22,main
FNF:2
FNH:2
FNDA:119,fizzbuzz
FNDA:1,main
DA:1,1
DA:2,1
DA:3,1
DA:4,1
DA:5,1
DA:6,1
DA:7,1
DA:8,119
DA:9,119
DA:10,117
DA:11,117
DA:12,107
DA:13,107
DA:14,62
DA:15,62
DA:16,39
DA:17,39
DA:18,39
DA:19,39
DA:20,119
DA:21,1
DA:22,1
DA:23,1
DA:24,101
DA:25,101
DA:26,1
DA:27,1
DA:28,1
DA:29,1
DA:30,1
LF:30
LH:30
BRDA:8,0,0,119
BRDA:9,1,0,2
BRDA:9,2,0,117
BRDA:11,3,0,109
BRDA:11,4,0,10
BRDA:11,5,0,107
BRDA:13,6,0,75
BRDA:13,7,0,45
BRDA:13,8,0,62
BRDA:15,9,0,44
BRDA:15,10,0,23
BRDA:15,11,0,39
BRDA:22,12,0,1
BRDA:23,13,0,101
BRF:14
BRH:14
end_of_record
TN:
SF:Apuntes\JavaScript\ejercicios_funciones_niveles\funciones_nivel1.js
FN:3,fullName1
FN:11,fullName
FN:19,addNumbers
FN:27,areaOfRectangle
FN:35,perimeterOfRectangle
FN:43,volumenDeRectPrism
FN:51,areaOfCircle
FN:59,circunferenciaCirculo
FN:92,convertCelsiusToFahrenheit
FN:102,bmi
FN:124,checkSeason
FN:151,findMax
FNF:12
FNH:12
FNDA:1,fullName1
FNDA:2,fullName
FNDA:1,addNumbers
FNDA:1,areaOfRectangle
FNDA:1,perimeterOfRectangle
FNDA:1,volumenDeRectPrism
FNDA:1,areaOfCircle
FNDA:1,circunferenciaCirculo
FNDA:1,convertCelsiusToFahrenheit
FNDA:4,bmi
FNDA:4,checkSeason
FNDA:3,findMax
DA:1,1
DA:2,1
DA:3,1
DA:4,1
DA:5,1
DA:6,1
DA:7,1
DA:8,1
DA:9,1
DA:10,1
DA:11,2
DA:12,2
DA:13,2
DA:14,1
DA:15,1
DA:16,1
DA:17,1
DA:18,1
DA:19,1
DA:20,1
DA:21,1
DA:22,1
DA:23,1
DA:24,1
DA:25,1
DA:26,1
DA:27,1
DA:28,1
DA:29,1
DA:30,1
DA:31,1
DA:32,1
DA:33,1
DA:34,1
DA:35,1
DA:36,1
DA:37,1
DA:38,1
DA:39,1
DA:40,1
DA:41,1
DA:42,1
DA:43,1
DA:44,1
DA:45,1
DA:46,1
DA:47,1
DA:48,1
DA:49,1
DA:50,1
DA:51,1
DA:52,1
DA:53,1
DA:54,1
DA:55,1
DA:56,1
DA:57,1
DA:58,1
DA:59,1
DA:60,1
DA:61,1
DA:62,1
DA:63,1
DA:64,1
DA:65,1
DA:66,1
DA:67,1
DA:68,1
DA:69,1
DA:70,1
DA:71,1
DA:72,1
DA:73,1
DA:74,1
DA:75,1
DA:76,1
DA:77,1
DA:78,1
DA:79,1
DA:80,1
DA:81,1
DA:82,1
DA:83,1
DA:84,1
DA:85,1
DA:86,1
DA:87,1
DA:88,1
DA:89,1
DA:90,1
DA:91,1
DA:92,1
DA:93,1
DA:94,1
DA:95,1
DA:96,1
DA:97,1
DA:98,1
DA:99,1
DA:100,1
DA:101,1
DA:102,4
DA:103,4
DA:104,4
DA:105,4
DA:106,4
DA:107,4
DA:108,0
DA:109,4
DA:110,2
DA:111,2
DA:112,1
DA:113,1
DA:114,1
DA:115,1
DA:116,4
DA:117,4
DA:118,4
DA:119,1
DA:120,1
DA:121,1
DA:122,1
DA:123,1
DA:124,1
DA:125,4
DA:126,4
DA:127,0
DA:128,0
DA:129,4
DA:130,4
DA:131,1
DA:132,1
DA:133,3
DA:134,4
DA:135,2
DA:136,2
DA:137,1
DA:138,4
DA:139,0
DA:140,0
DA:141,1
DA:142,4
DA:143,1
DA:144,1
DA:145,4
DA:146,1
DA:147,1
DA:148,1
DA:149,1
DA:150,1
DA:151,1
DA:152,3
DA:153,1
DA:154,1
DA:155,2
DA:156,3
DA:157,1
DA:158,1
DA:159,1
DA:160,3
DA:161,1
DA:162,1
DA:163,3
DA:164,1
DA:165,1
DA:166,1
DA:167,1
DA:168,1
LF:168
LH:163
BRDA:3,0,0,1
BRDA:11,1,0,2
BRDA:19,2,0,1
BRDA:27,3,0,1
BRDA:35,4,0,1
BRDA:43,5,0,1
BRDA:51,6,0,1
BRDA:59,7,0,1
BRDA:65,8,0,1
BRDA:74,9,0,1
BRDA:82,10,0,1
BRDA:92,11,0,1
BRDA:102,12,0,4
BRDA:107,13,0,0
BRDA:109,14,0,2
BRDA:111,15,0,1
BRDA:124,16,0,4
BRDA:126,17,0,0
BRDA:130,18,0,1
BRDA:133,19,0,3
BRDA:134,20,0,2
BRDA:137,21,0,1
BRDA:138,22,0,0
BRDA:141,23,0,1
BRDA:142,24,0,1
BRDA:151,25,0,3
BRDA:152,26,0,1
BRDA:152,27,0,1
BRDA:155,28,0,2
BRDA:156,29,0,1
BRDA:160,30,0,1
BRF:31
BRH:28
end_of_record
